Determining if the pthread_create exist failed with the following output:
Change Dir: /home/victor/heron_launcher/bel_tool_box/src/cloudy/build/CMakeFiles/CMakeTmp

Run Build Command:"/usr/bin/make" "cmTC_071cb/fast"
/usr/bin/make -f CMakeFiles/cmTC_071cb.dir/build.make CMakeFiles/cmTC_071cb.dir/build
make[1]: Entering directory '/home/victor/heron_launcher/bel_tool_box/src/cloudy/build/CMakeFiles/CMakeTmp'
Building C object CMakeFiles/cmTC_071cb.dir/CheckSymbolExists.c.o
/usr/bin/gcc    -o CMakeFiles/cmTC_071cb.dir/CheckSymbolExists.c.o   -c /home/victor/heron_launcher/bel_tool_box/src/cloudy/build/CMakeFiles/CMakeTmp/CheckSymbolExists.c
Linking C executable cmTC_071cb
/usr/bin/cmake -E cmake_link_script CMakeFiles/cmTC_071cb.dir/link.txt --verbose=1
/usr/bin/gcc      -rdynamic CMakeFiles/cmTC_071cb.dir/CheckSymbolExists.c.o  -o cmTC_071cb 
CMakeFiles/cmTC_071cb.dir/CheckSymbolExists.c.o: In function `main':
CheckSymbolExists.c:(.text+0x1b): undefined reference to `pthread_create'
collect2: error: ld returned 1 exit status
CMakeFiles/cmTC_071cb.dir/build.make:97: recipe for target 'cmTC_071cb' failed
make[1]: *** [cmTC_071cb] Error 1
make[1]: Leaving directory '/home/victor/heron_launcher/bel_tool_box/src/cloudy/build/CMakeFiles/CMakeTmp'
Makefile:126: recipe for target 'cmTC_071cb/fast' failed
make: *** [cmTC_071cb/fast] Error 2

File /home/victor/heron_launcher/bel_tool_box/src/cloudy/build/CMakeFiles/CMakeTmp/CheckSymbolExists.c:
/* */
#include <pthread.h>

int main(int argc, char** argv)
{
  (void)argv;
#ifndef pthread_create
  return ((int*)(&pthread_create))[argc];
#else
  (void)argc;
  return 0;
#endif
}

Determining if the function pthread_create exists in the pthreads failed with the following output:
Change Dir: /home/victor/heron_launcher/bel_tool_box/src/cloudy/build/CMakeFiles/CMakeTmp

Run Build Command:"/usr/bin/make" "cmTC_2159d/fast"
/usr/bin/make -f CMakeFiles/cmTC_2159d.dir/build.make CMakeFiles/cmTC_2159d.dir/build
make[1]: Entering directory '/home/victor/heron_launcher/bel_tool_box/src/cloudy/build/CMakeFiles/CMakeTmp'
Building C object CMakeFiles/cmTC_2159d.dir/CheckFunctionExists.c.o
/usr/bin/gcc   -DCHECK_FUNCTION_EXISTS=pthread_create   -o CMakeFiles/cmTC_2159d.dir/CheckFunctionExists.c.o   -c /usr/share/cmake-3.10/Modules/CheckFunctionExists.c
Linking C executable cmTC_2159d
/usr/bin/cmake -E cmake_link_script CMakeFiles/cmTC_2159d.dir/link.txt --verbose=1
/usr/bin/gcc  -DCHECK_FUNCTION_EXISTS=pthread_create    -rdynamic CMakeFiles/cmTC_2159d.dir/CheckFunctionExists.c.o  -o cmTC_2159d -lpthreads 
/usr/bin/ld: cannot find -lpthreads
collect2: error: ld returned 1 exit status
CMakeFiles/cmTC_2159d.dir/build.make:97: recipe for target 'cmTC_2159d' failed
make[1]: *** [cmTC_2159d] Error 1
make[1]: Leaving directory '/home/victor/heron_launcher/bel_tool_box/src/cloudy/build/CMakeFiles/CMakeTmp'
Makefile:126: recipe for target 'cmTC_2159d/fast' failed
make: *** [cmTC_2159d/fast] Error 2


